CRITICAL - 2023-11-24 02:21:10 --> Undefined variable $demographicdata
in APPPATH\Views\dashboard\demographics.php on line 261.
 1 APPPATH\Views\dashboard\demographics.php(261): CodeIgniter\Debug\Exceptions->errorHandler(2, 'Undefined variable $demographicdata', 'C:\\laragon\\www\\BMSproject\\app\\Views\\dashboard\\demographics.php', 261)
 2 SYSTEMPATH\View\View.php(226): include('C:\\laragon\\www\\BMSproject\\app\\Views\\dashboard\\demographics.php')
 3 SYSTEMPATH\View\View.php(229): CodeIgniter\View\View->CodeIgniter\View\{closure}()
 4 SYSTEMPATH\Common.php(1188): CodeIgniter\View\View->render('dashboard/demographics', [], true)
 5 APPPATH\Controllers\ViewController.php(11): view('dashboard/demographics')
 6 SYSTEMPATH\CodeIgniter.php(919): App\Controllers\ViewController->demography()
 7 SYSTEMPATH\CodeIgniter.php(494): CodeIgniter\CodeIgniter->runController(Object(App\Controllers\ViewController))
 8 SYSTEMPATH\CodeIgniter.php(353): CodeIgniter\CodeIgniter->handleRequest(null, Object(Config\Cache), false)
 9 FCPATH\index.php(79): CodeIgniter\CodeIgniter->run()
10 SYSTEMPATH\Commands\Server\rewrite.php(47): require_once('C:\\laragon\\www\\BMSproject\\public\\index.php')
CRITICAL - 2023-11-24 02:22:50 --> Undefined variable $demographicdata
in APPPATH\Views\dashboard\demographics.php on line 261.
 1 APPPATH\Views\dashboard\demographics.php(261): CodeIgniter\Debug\Exceptions->errorHandler(2, 'Undefined variable $demographicdata', 'C:\\laragon\\www\\BMSproject\\app\\Views\\dashboard\\demographics.php', 261)
 2 SYSTEMPATH\View\View.php(226): include('C:\\laragon\\www\\BMSproject\\app\\Views\\dashboard\\demographics.php')
 3 SYSTEMPATH\View\View.php(229): CodeIgniter\View\View->CodeIgniter\View\{closure}()
 4 SYSTEMPATH\Common.php(1188): CodeIgniter\View\View->render('dashboard/demographics', [], true)
 5 APPPATH\Controllers\ViewController.php(11): view('dashboard/demographics')
 6 SYSTEMPATH\CodeIgniter.php(919): App\Controllers\ViewController->demography()
 7 SYSTEMPATH\CodeIgniter.php(494): CodeIgniter\CodeIgniter->runController(Object(App\Controllers\ViewController))
 8 SYSTEMPATH\CodeIgniter.php(353): CodeIgniter\CodeIgniter->handleRequest(null, Object(Config\Cache), false)
 9 FCPATH\index.php(79): CodeIgniter\CodeIgniter->run()
10 SYSTEMPATH\Commands\Server\rewrite.php(47): require_once('C:\\laragon\\www\\BMSproject\\public\\index.php')
CRITICAL - 2023-11-24 02:22:52 --> Undefined variable $demographicdata
in APPPATH\Views\dashboard\demographics.php on line 261.
 1 APPPATH\Views\dashboard\demographics.php(261): CodeIgniter\Debug\Exceptions->errorHandler(2, 'Undefined variable $demographicdata', 'C:\\laragon\\www\\BMSproject\\app\\Views\\dashboard\\demographics.php', 261)
 2 SYSTEMPATH\View\View.php(226): include('C:\\laragon\\www\\BMSproject\\app\\Views\\dashboard\\demographics.php')
 3 SYSTEMPATH\View\View.php(229): CodeIgniter\View\View->CodeIgniter\View\{closure}()
 4 SYSTEMPATH\Common.php(1188): CodeIgniter\View\View->render('dashboard/demographics', [], true)
 5 APPPATH\Controllers\ViewController.php(11): view('dashboard/demographics')
 6 SYSTEMPATH\CodeIgniter.php(919): App\Controllers\ViewController->demography()
 7 SYSTEMPATH\CodeIgniter.php(494): CodeIgniter\CodeIgniter->runController(Object(App\Controllers\ViewController))
 8 SYSTEMPATH\CodeIgniter.php(353): CodeIgniter\CodeIgniter->handleRequest(null, Object(Config\Cache), false)
 9 FCPATH\index.php(79): CodeIgniter\CodeIgniter->run()
10 SYSTEMPATH\Commands\Server\rewrite.php(47): require_once('C:\\laragon\\www\\BMSproject\\public\\index.php')
CRITICAL - 2023-11-24 02:28:01 --> Undefined variable $demographicdata
in APPPATH\Views\dashboard\demographics.php on line 261.
 1 APPPATH\Views\dashboard\demographics.php(261): CodeIgniter\Debug\Exceptions->errorHandler(2, 'Undefined variable $demographicdata', 'C:\\laragon\\www\\BMSproject\\app\\Views\\dashboard\\demographics.php', 261)
 2 SYSTEMPATH\View\View.php(226): include('C:\\laragon\\www\\BMSproject\\app\\Views\\dashboard\\demographics.php')
 3 SYSTEMPATH\View\View.php(229): CodeIgniter\View\View->CodeIgniter\View\{closure}()
 4 SYSTEMPATH\Common.php(1188): CodeIgniter\View\View->render('dashboard/demographics', [], true)
 5 APPPATH\Controllers\ViewController.php(11): view('dashboard/demographics')
 6 SYSTEMPATH\CodeIgniter.php(919): App\Controllers\ViewController->demography()
 7 SYSTEMPATH\CodeIgniter.php(494): CodeIgniter\CodeIgniter->runController(Object(App\Controllers\ViewController))
 8 SYSTEMPATH\CodeIgniter.php(353): CodeIgniter\CodeIgniter->handleRequest(null, Object(Config\Cache), false)
 9 FCPATH\index.php(79): CodeIgniter\CodeIgniter->run()
10 SYSTEMPATH\Commands\Server\rewrite.php(47): require_once('C:\\laragon\\www\\BMSproject\\public\\index.php')
CRITICAL - 2023-11-24 02:30:44 --> Undefined variable $demographicdata
in APPPATH\Views\dashboard\demographics.php on line 261.
 1 APPPATH\Views\dashboard\demographics.php(261): CodeIgniter\Debug\Exceptions->errorHandler(2, 'Undefined variable $demographicdata', 'C:\\laragon\\www\\BMSproject\\app\\Views\\dashboard\\demographics.php', 261)
 2 SYSTEMPATH\View\View.php(226): include('C:\\laragon\\www\\BMSproject\\app\\Views\\dashboard\\demographics.php')
 3 SYSTEMPATH\View\View.php(229): CodeIgniter\View\View->CodeIgniter\View\{closure}()
 4 SYSTEMPATH\Common.php(1188): CodeIgniter\View\View->render('dashboard/demographics', [], true)
 5 APPPATH\Controllers\ViewController.php(11): view('dashboard/demographics')
 6 SYSTEMPATH\CodeIgniter.php(919): App\Controllers\ViewController->demography()
 7 SYSTEMPATH\CodeIgniter.php(494): CodeIgniter\CodeIgniter->runController(Object(App\Controllers\ViewController))
 8 SYSTEMPATH\CodeIgniter.php(353): CodeIgniter\CodeIgniter->handleRequest(null, Object(Config\Cache), false)
 9 FCPATH\index.php(79): CodeIgniter\CodeIgniter->run()
10 SYSTEMPATH\Commands\Server\rewrite.php(47): require_once('C:\\laragon\\www\\BMSproject\\public\\index.php')
CRITICAL - 2023-11-24 02:37:22 --> Undefined variable $demographicdata
in APPPATH\Views\dashboard\demographics.php on line 261.
 1 APPPATH\Views\dashboard\demographics.php(261): CodeIgniter\Debug\Exceptions->errorHandler(2, 'Undefined variable $demographicdata', 'C:\\laragon\\www\\BMSproject\\app\\Views\\dashboard\\demographics.php', 261)
 2 SYSTEMPATH\View\View.php(226): include('C:\\laragon\\www\\BMSproject\\app\\Views\\dashboard\\demographics.php')
 3 SYSTEMPATH\View\View.php(229): CodeIgniter\View\View->CodeIgniter\View\{closure}()
 4 SYSTEMPATH\Common.php(1188): CodeIgniter\View\View->render('dashboard/demographics', [], true)
 5 APPPATH\Controllers\ViewController.php(11): view('dashboard/demographics')
 6 SYSTEMPATH\CodeIgniter.php(919): App\Controllers\ViewController->demography()
 7 SYSTEMPATH\CodeIgniter.php(494): CodeIgniter\CodeIgniter->runController(Object(App\Controllers\ViewController))
 8 SYSTEMPATH\CodeIgniter.php(353): CodeIgniter\CodeIgniter->handleRequest(null, Object(Config\Cache), false)
 9 FCPATH\index.php(79): CodeIgniter\CodeIgniter->run()
10 SYSTEMPATH\Commands\Server\rewrite.php(47): require_once('C:\\laragon\\www\\BMSproject\\public\\index.php')
CRITICAL - 2023-11-24 02:40:17 --> Undefined variable $demographicdata
in APPPATH\Views\dashboard\demographics.php on line 261.
 1 APPPATH\Views\dashboard\demographics.php(261): CodeIgniter\Debug\Exceptions->errorHandler(2, 'Undefined variable $demographicdata', 'C:\\laragon\\www\\BMSproject\\app\\Views\\dashboard\\demographics.php', 261)
 2 SYSTEMPATH\View\View.php(226): include('C:\\laragon\\www\\BMSproject\\app\\Views\\dashboard\\demographics.php')
 3 SYSTEMPATH\View\View.php(229): CodeIgniter\View\View->CodeIgniter\View\{closure}()
 4 SYSTEMPATH\Common.php(1188): CodeIgniter\View\View->render('dashboard/demographics', [], true)
 5 APPPATH\Controllers\ViewController.php(11): view('dashboard/demographics')
 6 SYSTEMPATH\CodeIgniter.php(919): App\Controllers\ViewController->demography()
 7 SYSTEMPATH\CodeIgniter.php(494): CodeIgniter\CodeIgniter->runController(Object(App\Controllers\ViewController))
 8 SYSTEMPATH\CodeIgniter.php(353): CodeIgniter\CodeIgniter->handleRequest(null, Object(Config\Cache), false)
 9 FCPATH\index.php(79): CodeIgniter\CodeIgniter->run()
10 SYSTEMPATH\Commands\Server\rewrite.php(47): require_once('C:\\laragon\\www\\BMSproject\\public\\index.php')
CRITICAL - 2023-11-24 02:40:18 --> Undefined variable $demographicdata
in APPPATH\Views\dashboard\demographics.php on line 261.
 1 APPPATH\Views\dashboard\demographics.php(261): CodeIgniter\Debug\Exceptions->errorHandler(2, 'Undefined variable $demographicdata', 'C:\\laragon\\www\\BMSproject\\app\\Views\\dashboard\\demographics.php', 261)
 2 SYSTEMPATH\View\View.php(226): include('C:\\laragon\\www\\BMSproject\\app\\Views\\dashboard\\demographics.php')
 3 SYSTEMPATH\View\View.php(229): CodeIgniter\View\View->CodeIgniter\View\{closure}()
 4 SYSTEMPATH\Common.php(1188): CodeIgniter\View\View->render('dashboard/demographics', [], true)
 5 APPPATH\Controllers\ViewController.php(11): view('dashboard/demographics')
 6 SYSTEMPATH\CodeIgniter.php(919): App\Controllers\ViewController->demography()
 7 SYSTEMPATH\CodeIgniter.php(494): CodeIgniter\CodeIgniter->runController(Object(App\Controllers\ViewController))
 8 SYSTEMPATH\CodeIgniter.php(353): CodeIgniter\CodeIgniter->handleRequest(null, Object(Config\Cache), false)
 9 FCPATH\index.php(79): CodeIgniter\CodeIgniter->run()
10 SYSTEMPATH\Commands\Server\rewrite.php(47): require_once('C:\\laragon\\www\\BMSproject\\public\\index.php')
CRITICAL - 2023-11-24 02:40:44 --> Undefined variable $demographics
in APPPATH\Views\dashboard\demographics.php on line 261.
 1 APPPATH\Views\dashboard\demographics.php(261): CodeIgniter\Debug\Exceptions->errorHandler(2, 'Undefined variable $demographics', 'C:\\laragon\\www\\BMSproject\\app\\Views\\dashboard\\demographics.php', 261)
 2 SYSTEMPATH\View\View.php(226): include('C:\\laragon\\www\\BMSproject\\app\\Views\\dashboard\\demographics.php')
 3 SYSTEMPATH\View\View.php(229): CodeIgniter\View\View->CodeIgniter\View\{closure}()
 4 SYSTEMPATH\Common.php(1188): CodeIgniter\View\View->render('dashboard/demographics', [], true)
 5 APPPATH\Controllers\ViewController.php(11): view('dashboard/demographics')
 6 SYSTEMPATH\CodeIgniter.php(919): App\Controllers\ViewController->demography()
 7 SYSTEMPATH\CodeIgniter.php(494): CodeIgniter\CodeIgniter->runController(Object(App\Controllers\ViewController))
 8 SYSTEMPATH\CodeIgniter.php(353): CodeIgniter\CodeIgniter->handleRequest(null, Object(Config\Cache), false)
 9 FCPATH\index.php(79): CodeIgniter\CodeIgniter->run()
10 SYSTEMPATH\Commands\Server\rewrite.php(47): require_once('C:\\laragon\\www\\BMSproject\\public\\index.php')
CRITICAL - 2023-11-24 02:41:03 --> Undefined variable $demographicdata
in APPPATH\Views\dashboard\demographics.php on line 261.
 1 APPPATH\Views\dashboard\demographics.php(261): CodeIgniter\Debug\Exceptions->errorHandler(2, 'Undefined variable $demographicdata', 'C:\\laragon\\www\\BMSproject\\app\\Views\\dashboard\\demographics.php', 261)
 2 SYSTEMPATH\View\View.php(226): include('C:\\laragon\\www\\BMSproject\\app\\Views\\dashboard\\demographics.php')
 3 SYSTEMPATH\View\View.php(229): CodeIgniter\View\View->CodeIgniter\View\{closure}()
 4 SYSTEMPATH\Common.php(1188): CodeIgniter\View\View->render('dashboard/demographics', [], true)
 5 APPPATH\Controllers\ViewController.php(11): view('dashboard/demographics')
 6 SYSTEMPATH\CodeIgniter.php(919): App\Controllers\ViewController->demography()
 7 SYSTEMPATH\CodeIgniter.php(494): CodeIgniter\CodeIgniter->runController(Object(App\Controllers\ViewController))
 8 SYSTEMPATH\CodeIgniter.php(353): CodeIgniter\CodeIgniter->handleRequest(null, Object(Config\Cache), false)
 9 FCPATH\index.php(79): CodeIgniter\CodeIgniter->run()
10 SYSTEMPATH\Commands\Server\rewrite.php(47): require_once('C:\\laragon\\www\\BMSproject\\public\\index.php')
CRITICAL - 2023-11-24 02:42:59 --> Undefined variable $demographicdata
in APPPATH\Views\dashboard\demographics.php on line 261.
 1 APPPATH\Views\dashboard\demographics.php(261): CodeIgniter\Debug\Exceptions->errorHandler(2, 'Undefined variable $demographicdata', 'C:\\laragon\\www\\BMSproject\\app\\Views\\dashboard\\demographics.php', 261)
 2 SYSTEMPATH\View\View.php(226): include('C:\\laragon\\www\\BMSproject\\app\\Views\\dashboard\\demographics.php')
 3 SYSTEMPATH\View\View.php(229): CodeIgniter\View\View->CodeIgniter\View\{closure}()
 4 SYSTEMPATH\Common.php(1188): CodeIgniter\View\View->render('dashboard/demographics', [], true)
 5 APPPATH\Controllers\ViewController.php(11): view('dashboard/demographics')
 6 SYSTEMPATH\CodeIgniter.php(919): App\Controllers\ViewController->demography()
 7 SYSTEMPATH\CodeIgniter.php(494): CodeIgniter\CodeIgniter->runController(Object(App\Controllers\ViewController))
 8 SYSTEMPATH\CodeIgniter.php(353): CodeIgniter\CodeIgniter->handleRequest(null, Object(Config\Cache), false)
 9 FCPATH\index.php(79): CodeIgniter\CodeIgniter->run()
10 SYSTEMPATH\Commands\Server\rewrite.php(47): require_once('C:\\laragon\\www\\BMSproject\\public\\index.php')
CRITICAL - 2023-11-24 02:45:34 --> Class "App\Models\Demographicdata" not found
in APPPATH\Controllers\DemographicController.php on line 12.
 1 SYSTEMPATH\CodeIgniter.php(919): App\Controllers\DemographicController->demographics()
 2 SYSTEMPATH\CodeIgniter.php(494): CodeIgniter\CodeIgniter->runController(Object(App\Controllers\DemographicController))
 3 SYSTEMPATH\CodeIgniter.php(353): CodeIgniter\CodeIgniter->handleRequest(null, Object(Config\Cache), false)
 4 FCPATH\index.php(79): CodeIgniter\CodeIgniter->run()
 5 SYSTEMPATH\Commands\Server\rewrite.php(47): require_once('C:\\laragon\\www\\BMSproject\\public\\index.php')
CRITICAL - 2023-11-24 02:46:55 --> Undefined variable $demographicdata
in APPPATH\Views\dashboard\demographics.php on line 261.
 1 APPPATH\Views\dashboard\demographics.php(261): CodeIgniter\Debug\Exceptions->errorHandler(2, 'Undefined variable $demographicdata', 'C:\\laragon\\www\\BMSproject\\app\\Views\\dashboard\\demographics.php', 261)
 2 SYSTEMPATH\View\View.php(226): include('C:\\laragon\\www\\BMSproject\\app\\Views\\dashboard\\demographics.php')
 3 SYSTEMPATH\View\View.php(229): CodeIgniter\View\View->CodeIgniter\View\{closure}()
 4 SYSTEMPATH\Common.php(1188): CodeIgniter\View\View->render('dashboard/demographics', [], true)
 5 APPPATH\Controllers\ViewController.php(11): view('dashboard/demographics')
 6 SYSTEMPATH\CodeIgniter.php(919): App\Controllers\ViewController->demography()
 7 SYSTEMPATH\CodeIgniter.php(494): CodeIgniter\CodeIgniter->runController(Object(App\Controllers\ViewController))
 8 SYSTEMPATH\CodeIgniter.php(353): CodeIgniter\CodeIgniter->handleRequest(null, Object(Config\Cache), false)
 9 FCPATH\index.php(79): CodeIgniter\CodeIgniter->run()
10 SYSTEMPATH\Commands\Server\rewrite.php(47): require_once('C:\\laragon\\www\\BMSproject\\public\\index.php')
CRITICAL - 2023-11-24 02:49:21 --> Undefined variable $demographicdata
in APPPATH\Views\dashboard\demographics.php on line 261.
 1 APPPATH\Views\dashboard\demographics.php(261): CodeIgniter\Debug\Exceptions->errorHandler(2, 'Undefined variable $demographicdata', 'C:\\laragon\\www\\BMSproject\\app\\Views\\dashboard\\demographics.php', 261)
 2 SYSTEMPATH\View\View.php(226): include('C:\\laragon\\www\\BMSproject\\app\\Views\\dashboard\\demographics.php')
 3 SYSTEMPATH\View\View.php(229): CodeIgniter\View\View->CodeIgniter\View\{closure}()
 4 SYSTEMPATH\Common.php(1188): CodeIgniter\View\View->render('dashboard/demographics', [], true)
 5 APPPATH\Controllers\ViewController.php(11): view('dashboard/demographics')
 6 SYSTEMPATH\CodeIgniter.php(919): App\Controllers\ViewController->demography()
 7 SYSTEMPATH\CodeIgniter.php(494): CodeIgniter\CodeIgniter->runController(Object(App\Controllers\ViewController))
 8 SYSTEMPATH\CodeIgniter.php(353): CodeIgniter\CodeIgniter->handleRequest(null, Object(Config\Cache), false)
 9 FCPATH\index.php(79): CodeIgniter\CodeIgniter->run()
10 SYSTEMPATH\Commands\Server\rewrite.php(47): require_once('C:\\laragon\\www\\BMSproject\\public\\index.php')
CRITICAL - 2023-11-24 02:49:23 --> Undefined variable $demographicdata
in APPPATH\Views\dashboard\demographics.php on line 261.
 1 APPPATH\Views\dashboard\demographics.php(261): CodeIgniter\Debug\Exceptions->errorHandler(2, 'Undefined variable $demographicdata', 'C:\\laragon\\www\\BMSproject\\app\\Views\\dashboard\\demographics.php', 261)
 2 SYSTEMPATH\View\View.php(226): include('C:\\laragon\\www\\BMSproject\\app\\Views\\dashboard\\demographics.php')
 3 SYSTEMPATH\View\View.php(229): CodeIgniter\View\View->CodeIgniter\View\{closure}()
 4 SYSTEMPATH\Common.php(1188): CodeIgniter\View\View->render('dashboard/demographics', [], true)
 5 APPPATH\Controllers\ViewController.php(11): view('dashboard/demographics')
 6 SYSTEMPATH\CodeIgniter.php(919): App\Controllers\ViewController->demography()
 7 SYSTEMPATH\CodeIgniter.php(494): CodeIgniter\CodeIgniter->runController(Object(App\Controllers\ViewController))
 8 SYSTEMPATH\CodeIgniter.php(353): CodeIgniter\CodeIgniter->handleRequest(null, Object(Config\Cache), false)
 9 FCPATH\index.php(79): CodeIgniter\CodeIgniter->run()
10 SYSTEMPATH\Commands\Server\rewrite.php(47): require_once('C:\\laragon\\www\\BMSproject\\public\\index.php')
CRITICAL - 2023-11-24 02:49:24 --> Undefined variable $demographicdata
in APPPATH\Views\dashboard\demographics.php on line 261.
 1 APPPATH\Views\dashboard\demographics.php(261): CodeIgniter\Debug\Exceptions->errorHandler(2, 'Undefined variable $demographicdata', 'C:\\laragon\\www\\BMSproject\\app\\Views\\dashboard\\demographics.php', 261)
 2 SYSTEMPATH\View\View.php(226): include('C:\\laragon\\www\\BMSproject\\app\\Views\\dashboard\\demographics.php')
 3 SYSTEMPATH\View\View.php(229): CodeIgniter\View\View->CodeIgniter\View\{closure}()
 4 SYSTEMPATH\Common.php(1188): CodeIgniter\View\View->render('dashboard/demographics', [], true)
 5 APPPATH\Controllers\ViewController.php(11): view('dashboard/demographics')
 6 SYSTEMPATH\CodeIgniter.php(919): App\Controllers\ViewController->demography()
 7 SYSTEMPATH\CodeIgniter.php(494): CodeIgniter\CodeIgniter->runController(Object(App\Controllers\ViewController))
 8 SYSTEMPATH\CodeIgniter.php(353): CodeIgniter\CodeIgniter->handleRequest(null, Object(Config\Cache), false)
 9 FCPATH\index.php(79): CodeIgniter\CodeIgniter->run()
10 SYSTEMPATH\Commands\Server\rewrite.php(47): require_once('C:\\laragon\\www\\BMSproject\\public\\index.php')
CRITICAL - 2023-11-24 02:49:24 --> Undefined variable $demographicdata
in APPPATH\Views\dashboard\demographics.php on line 261.
 1 APPPATH\Views\dashboard\demographics.php(261): CodeIgniter\Debug\Exceptions->errorHandler(2, 'Undefined variable $demographicdata', 'C:\\laragon\\www\\BMSproject\\app\\Views\\dashboard\\demographics.php', 261)
 2 SYSTEMPATH\View\View.php(226): include('C:\\laragon\\www\\BMSproject\\app\\Views\\dashboard\\demographics.php')
 3 SYSTEMPATH\View\View.php(229): CodeIgniter\View\View->CodeIgniter\View\{closure}()
 4 SYSTEMPATH\Common.php(1188): CodeIgniter\View\View->render('dashboard/demographics', [], true)
 5 APPPATH\Controllers\ViewController.php(11): view('dashboard/demographics')
 6 SYSTEMPATH\CodeIgniter.php(919): App\Controllers\ViewController->demography()
 7 SYSTEMPATH\CodeIgniter.php(494): CodeIgniter\CodeIgniter->runController(Object(App\Controllers\ViewController))
 8 SYSTEMPATH\CodeIgniter.php(353): CodeIgniter\CodeIgniter->handleRequest(null, Object(Config\Cache), false)
 9 FCPATH\index.php(79): CodeIgniter\CodeIgniter->run()
10 SYSTEMPATH\Commands\Server\rewrite.php(47): require_once('C:\\laragon\\www\\BMSproject\\public\\index.php')
CRITICAL - 2023-11-24 02:49:25 --> Undefined variable $demographicdata
in APPPATH\Views\dashboard\demographics.php on line 261.
 1 APPPATH\Views\dashboard\demographics.php(261): CodeIgniter\Debug\Exceptions->errorHandler(2, 'Undefined variable $demographicdata', 'C:\\laragon\\www\\BMSproject\\app\\Views\\dashboard\\demographics.php', 261)
 2 SYSTEMPATH\View\View.php(226): include('C:\\laragon\\www\\BMSproject\\app\\Views\\dashboard\\demographics.php')
 3 SYSTEMPATH\View\View.php(229): CodeIgniter\View\View->CodeIgniter\View\{closure}()
 4 SYSTEMPATH\Common.php(1188): CodeIgniter\View\View->render('dashboard/demographics', [], true)
 5 APPPATH\Controllers\ViewController.php(11): view('dashboard/demographics')
 6 SYSTEMPATH\CodeIgniter.php(919): App\Controllers\ViewController->demography()
 7 SYSTEMPATH\CodeIgniter.php(494): CodeIgniter\CodeIgniter->runController(Object(App\Controllers\ViewController))
 8 SYSTEMPATH\CodeIgniter.php(353): CodeIgniter\CodeIgniter->handleRequest(null, Object(Config\Cache), false)
 9 FCPATH\index.php(79): CodeIgniter\CodeIgniter->run()
10 SYSTEMPATH\Commands\Server\rewrite.php(47): require_once('C:\\laragon\\www\\BMSproject\\public\\index.php')
CRITICAL - 2023-11-24 02:50:36 --> Undefined variable $demographicdata
in APPPATH\Views\dashboard\demographics.php on line 261.
 1 APPPATH\Views\dashboard\demographics.php(261): CodeIgniter\Debug\Exceptions->errorHandler(2, 'Undefined variable $demographicdata', 'C:\\laragon\\www\\BMSproject\\app\\Views\\dashboard\\demographics.php', 261)
 2 SYSTEMPATH\View\View.php(226): include('C:\\laragon\\www\\BMSproject\\app\\Views\\dashboard\\demographics.php')
 3 SYSTEMPATH\View\View.php(229): CodeIgniter\View\View->CodeIgniter\View\{closure}()
 4 SYSTEMPATH\Common.php(1188): CodeIgniter\View\View->render('dashboard/demographics', [], true)
 5 APPPATH\Controllers\ViewController.php(11): view('dashboard/demographics')
 6 SYSTEMPATH\CodeIgniter.php(919): App\Controllers\ViewController->demography()
 7 SYSTEMPATH\CodeIgniter.php(494): CodeIgniter\CodeIgniter->runController(Object(App\Controllers\ViewController))
 8 SYSTEMPATH\CodeIgniter.php(353): CodeIgniter\CodeIgniter->handleRequest(null, Object(Config\Cache), false)
 9 FCPATH\index.php(79): CodeIgniter\CodeIgniter->run()
10 SYSTEMPATH\Commands\Server\rewrite.php(47): require_once('C:\\laragon\\www\\BMSproject\\public\\index.php')
CRITICAL - 2023-11-24 02:50:43 --> Undefined variable $demographicdata
in APPPATH\Views\dashboard\demographics.php on line 261.
 1 APPPATH\Views\dashboard\demographics.php(261): CodeIgniter\Debug\Exceptions->errorHandler(2, 'Undefined variable $demographicdata', 'C:\\laragon\\www\\BMSproject\\app\\Views\\dashboard\\demographics.php', 261)
 2 SYSTEMPATH\View\View.php(226): include('C:\\laragon\\www\\BMSproject\\app\\Views\\dashboard\\demographics.php')
 3 SYSTEMPATH\View\View.php(229): CodeIgniter\View\View->CodeIgniter\View\{closure}()
 4 SYSTEMPATH\Common.php(1188): CodeIgniter\View\View->render('dashboard/demographics', [], true)
 5 APPPATH\Controllers\ViewController.php(11): view('dashboard/demographics')
 6 SYSTEMPATH\CodeIgniter.php(919): App\Controllers\ViewController->demography()
 7 SYSTEMPATH\CodeIgniter.php(494): CodeIgniter\CodeIgniter->runController(Object(App\Controllers\ViewController))
 8 SYSTEMPATH\CodeIgniter.php(353): CodeIgniter\CodeIgniter->handleRequest(null, Object(Config\Cache), false)
 9 FCPATH\index.php(79): CodeIgniter\CodeIgniter->run()
10 SYSTEMPATH\Commands\Server\rewrite.php(47): require_once('C:\\laragon\\www\\BMSproject\\public\\index.php')
CRITICAL - 2023-11-24 02:50:48 --> Undefined variable $demographicdata
in APPPATH\Views\dashboard\demographics.php on line 261.
 1 APPPATH\Views\dashboard\demographics.php(261): CodeIgniter\Debug\Exceptions->errorHandler(2, 'Undefined variable $demographicdata', 'C:\\laragon\\www\\BMSproject\\app\\Views\\dashboard\\demographics.php', 261)
 2 SYSTEMPATH\View\View.php(226): include('C:\\laragon\\www\\BMSproject\\app\\Views\\dashboard\\demographics.php')
 3 SYSTEMPATH\View\View.php(229): CodeIgniter\View\View->CodeIgniter\View\{closure}()
 4 SYSTEMPATH\Common.php(1188): CodeIgniter\View\View->render('dashboard/demographics', [], true)
 5 APPPATH\Controllers\ViewController.php(11): view('dashboard/demographics')
 6 SYSTEMPATH\CodeIgniter.php(919): App\Controllers\ViewController->demography()
 7 SYSTEMPATH\CodeIgniter.php(494): CodeIgniter\CodeIgniter->runController(Object(App\Controllers\ViewController))
 8 SYSTEMPATH\CodeIgniter.php(353): CodeIgniter\CodeIgniter->handleRequest(null, Object(Config\Cache), false)
 9 FCPATH\index.php(79): CodeIgniter\CodeIgniter->run()
10 SYSTEMPATH\Commands\Server\rewrite.php(47): require_once('C:\\laragon\\www\\BMSproject\\public\\index.php')
CRITICAL - 2023-11-24 02:50:48 --> Undefined variable $demographicdata
in APPPATH\Views\dashboard\demographics.php on line 261.
 1 APPPATH\Views\dashboard\demographics.php(261): CodeIgniter\Debug\Exceptions->errorHandler(2, 'Undefined variable $demographicdata', 'C:\\laragon\\www\\BMSproject\\app\\Views\\dashboard\\demographics.php', 261)
 2 SYSTEMPATH\View\View.php(226): include('C:\\laragon\\www\\BMSproject\\app\\Views\\dashboard\\demographics.php')
 3 SYSTEMPATH\View\View.php(229): CodeIgniter\View\View->CodeIgniter\View\{closure}()
 4 SYSTEMPATH\Common.php(1188): CodeIgniter\View\View->render('dashboard/demographics', [], true)
 5 APPPATH\Controllers\ViewController.php(11): view('dashboard/demographics')
 6 SYSTEMPATH\CodeIgniter.php(919): App\Controllers\ViewController->demography()
 7 SYSTEMPATH\CodeIgniter.php(494): CodeIgniter\CodeIgniter->runController(Object(App\Controllers\ViewController))
 8 SYSTEMPATH\CodeIgniter.php(353): CodeIgniter\CodeIgniter->handleRequest(null, Object(Config\Cache), false)
 9 FCPATH\index.php(79): CodeIgniter\CodeIgniter->run()
10 SYSTEMPATH\Commands\Server\rewrite.php(47): require_once('C:\\laragon\\www\\BMSproject\\public\\index.php')
CRITICAL - 2023-11-24 02:50:49 --> Undefined variable $demographicdata
in APPPATH\Views\dashboard\demographics.php on line 261.
 1 APPPATH\Views\dashboard\demographics.php(261): CodeIgniter\Debug\Exceptions->errorHandler(2, 'Undefined variable $demographicdata', 'C:\\laragon\\www\\BMSproject\\app\\Views\\dashboard\\demographics.php', 261)
 2 SYSTEMPATH\View\View.php(226): include('C:\\laragon\\www\\BMSproject\\app\\Views\\dashboard\\demographics.php')
 3 SYSTEMPATH\View\View.php(229): CodeIgniter\View\View->CodeIgniter\View\{closure}()
 4 SYSTEMPATH\Common.php(1188): CodeIgniter\View\View->render('dashboard/demographics', [], true)
 5 APPPATH\Controllers\ViewController.php(11): view('dashboard/demographics')
 6 SYSTEMPATH\CodeIgniter.php(919): App\Controllers\ViewController->demography()
 7 SYSTEMPATH\CodeIgniter.php(494): CodeIgniter\CodeIgniter->runController(Object(App\Controllers\ViewController))
 8 SYSTEMPATH\CodeIgniter.php(353): CodeIgniter\CodeIgniter->handleRequest(null, Object(Config\Cache), false)
 9 FCPATH\index.php(79): CodeIgniter\CodeIgniter->run()
10 SYSTEMPATH\Commands\Server\rewrite.php(47): require_once('C:\\laragon\\www\\BMSproject\\public\\index.php')
CRITICAL - 2023-11-24 02:50:49 --> Undefined variable $demographicdata
in APPPATH\Views\dashboard\demographics.php on line 261.
 1 APPPATH\Views\dashboard\demographics.php(261): CodeIgniter\Debug\Exceptions->errorHandler(2, 'Undefined variable $demographicdata', 'C:\\laragon\\www\\BMSproject\\app\\Views\\dashboard\\demographics.php', 261)
 2 SYSTEMPATH\View\View.php(226): include('C:\\laragon\\www\\BMSproject\\app\\Views\\dashboard\\demographics.php')
 3 SYSTEMPATH\View\View.php(229): CodeIgniter\View\View->CodeIgniter\View\{closure}()
 4 SYSTEMPATH\Common.php(1188): CodeIgniter\View\View->render('dashboard/demographics', [], true)
 5 APPPATH\Controllers\ViewController.php(11): view('dashboard/demographics')
 6 SYSTEMPATH\CodeIgniter.php(919): App\Controllers\ViewController->demography()
 7 SYSTEMPATH\CodeIgniter.php(494): CodeIgniter\CodeIgniter->runController(Object(App\Controllers\ViewController))
 8 SYSTEMPATH\CodeIgniter.php(353): CodeIgniter\CodeIgniter->handleRequest(null, Object(Config\Cache), false)
 9 FCPATH\index.php(79): CodeIgniter\CodeIgniter->run()
10 SYSTEMPATH\Commands\Server\rewrite.php(47): require_once('C:\\laragon\\www\\BMSproject\\public\\index.php')
CRITICAL - 2023-11-24 02:50:49 --> Undefined variable $demographicdata
in APPPATH\Views\dashboard\demographics.php on line 261.
 1 APPPATH\Views\dashboard\demographics.php(261): CodeIgniter\Debug\Exceptions->errorHandler(2, 'Undefined variable $demographicdata', 'C:\\laragon\\www\\BMSproject\\app\\Views\\dashboard\\demographics.php', 261)
 2 SYSTEMPATH\View\View.php(226): include('C:\\laragon\\www\\BMSproject\\app\\Views\\dashboard\\demographics.php')
 3 SYSTEMPATH\View\View.php(229): CodeIgniter\View\View->CodeIgniter\View\{closure}()
 4 SYSTEMPATH\Common.php(1188): CodeIgniter\View\View->render('dashboard/demographics', [], true)
 5 APPPATH\Controllers\ViewController.php(11): view('dashboard/demographics')
 6 SYSTEMPATH\CodeIgniter.php(919): App\Controllers\ViewController->demography()
 7 SYSTEMPATH\CodeIgniter.php(494): CodeIgniter\CodeIgniter->runController(Object(App\Controllers\ViewController))
 8 SYSTEMPATH\CodeIgniter.php(353): CodeIgniter\CodeIgniter->handleRequest(null, Object(Config\Cache), false)
 9 FCPATH\index.php(79): CodeIgniter\CodeIgniter->run()
10 SYSTEMPATH\Commands\Server\rewrite.php(47): require_once('C:\\laragon\\www\\BMSproject\\public\\index.php')
CRITICAL - 2023-11-24 02:50:49 --> Undefined variable $demographicdata
in APPPATH\Views\dashboard\demographics.php on line 261.
 1 APPPATH\Views\dashboard\demographics.php(261): CodeIgniter\Debug\Exceptions->errorHandler(2, 'Undefined variable $demographicdata', 'C:\\laragon\\www\\BMSproject\\app\\Views\\dashboard\\demographics.php', 261)
 2 SYSTEMPATH\View\View.php(226): include('C:\\laragon\\www\\BMSproject\\app\\Views\\dashboard\\demographics.php')
 3 SYSTEMPATH\View\View.php(229): CodeIgniter\View\View->CodeIgniter\View\{closure}()
 4 SYSTEMPATH\Common.php(1188): CodeIgniter\View\View->render('dashboard/demographics', [], true)
 5 APPPATH\Controllers\ViewController.php(11): view('dashboard/demographics')
 6 SYSTEMPATH\CodeIgniter.php(919): App\Controllers\ViewController->demography()
 7 SYSTEMPATH\CodeIgniter.php(494): CodeIgniter\CodeIgniter->runController(Object(App\Controllers\ViewController))
 8 SYSTEMPATH\CodeIgniter.php(353): CodeIgniter\CodeIgniter->handleRequest(null, Object(Config\Cache), false)
 9 FCPATH\index.php(79): CodeIgniter\CodeIgniter->run()
10 SYSTEMPATH\Commands\Server\rewrite.php(47): require_once('C:\\laragon\\www\\BMSproject\\public\\index.php')
CRITICAL - 2023-11-24 02:50:50 --> Undefined variable $demographicdata
in APPPATH\Views\dashboard\demographics.php on line 261.
 1 APPPATH\Views\dashboard\demographics.php(261): CodeIgniter\Debug\Exceptions->errorHandler(2, 'Undefined variable $demographicdata', 'C:\\laragon\\www\\BMSproject\\app\\Views\\dashboard\\demographics.php', 261)
 2 SYSTEMPATH\View\View.php(226): include('C:\\laragon\\www\\BMSproject\\app\\Views\\dashboard\\demographics.php')
 3 SYSTEMPATH\View\View.php(229): CodeIgniter\View\View->CodeIgniter\View\{closure}()
 4 SYSTEMPATH\Common.php(1188): CodeIgniter\View\View->render('dashboard/demographics', [], true)
 5 APPPATH\Controllers\ViewController.php(11): view('dashboard/demographics')
 6 SYSTEMPATH\CodeIgniter.php(919): App\Controllers\ViewController->demography()
 7 SYSTEMPATH\CodeIgniter.php(494): CodeIgniter\CodeIgniter->runController(Object(App\Controllers\ViewController))
 8 SYSTEMPATH\CodeIgniter.php(353): CodeIgniter\CodeIgniter->handleRequest(null, Object(Config\Cache), false)
 9 FCPATH\index.php(79): CodeIgniter\CodeIgniter->run()
10 SYSTEMPATH\Commands\Server\rewrite.php(47): require_once('C:\\laragon\\www\\BMSproject\\public\\index.php')
CRITICAL - 2023-11-24 05:38:18 --> include(include/sidebar.php): Failed to open stream: No such file or directory
in APPPATH\Views\dashboard\include\create.php on line 56.
 1 APPPATH\Views\dashboard\include\create.php(56): CodeIgniter\Debug\Exceptions->errorHandler(2, 'include(include/sidebar.php): Failed to open stream: No such file or directory', 'C:\\laragon\\www\\BMSproject\\app\\Views\\dashboard\\include\\create.php', 56)
 2 APPPATH\Views\dashboard\include\create.php(56): include()
 3 SYSTEMPATH\View\View.php(226): include('C:\\laragon\\www\\BMSproject\\app\\Views\\dashboard\\include\\create.php')
 4 SYSTEMPATH\View\View.php(229): CodeIgniter\View\View->CodeIgniter\View\{closure}()
 5 SYSTEMPATH\Common.php(1188): CodeIgniter\View\View->render('dashboard/include/create', [], true)
 6 APPPATH\Controllers\DemographicController.php(19): view('dashboard/include/create')
 7 SYSTEMPATH\CodeIgniter.php(919): App\Controllers\DemographicController->create()
 8 SYSTEMPATH\CodeIgniter.php(494): CodeIgniter\CodeIgniter->runController(Object(App\Controllers\DemographicController))
 9 SYSTEMPATH\CodeIgniter.php(353): CodeIgniter\CodeIgniter->handleRequest(null, Object(Config\Cache), false)
10 FCPATH\index.php(79): CodeIgniter\CodeIgniter->run()
11 SYSTEMPATH\Commands\Server\rewrite.php(47): require_once('C:\\laragon\\www\\BMSproject\\public\\index.php')
CRITICAL - 2023-11-24 06:11:40 --> Call to a member function save() on null
in APPPATH\Controllers\DemographicController.php on line 39.
 1 SYSTEMPATH\CodeIgniter.php(919): App\Controllers\DemographicController->barangay_store()
 2 SYSTEMPATH\CodeIgniter.php(494): CodeIgniter\CodeIgniter->runController(Object(App\Controllers\DemographicController))
 3 SYSTEMPATH\CodeIgniter.php(353): CodeIgniter\CodeIgniter->handleRequest(null, Object(Config\Cache), false)
 4 FCPATH\index.php(79): CodeIgniter\CodeIgniter->run()
 5 SYSTEMPATH\Commands\Server\rewrite.php(47): require_once('C:\\laragon\\www\\BMSproject\\public\\index.php')
CRITICAL - 2023-11-24 06:17:28 --> Call to a member function save() on null
in APPPATH\Controllers\DemographicController.php on line 33.
 1 SYSTEMPATH\CodeIgniter.php(919): App\Controllers\DemographicController->barangay_store()
 2 SYSTEMPATH\CodeIgniter.php(494): CodeIgniter\CodeIgniter->runController(Object(App\Controllers\DemographicController))
 3 SYSTEMPATH\CodeIgniter.php(353): CodeIgniter\CodeIgniter->handleRequest(null, Object(Config\Cache), false)
 4 FCPATH\index.php(79): CodeIgniter\CodeIgniter->run()
 5 SYSTEMPATH\Commands\Server\rewrite.php(47): require_once('C:\\laragon\\www\\BMSproject\\public\\index.php')
CRITICAL - 2023-11-24 06:19:26 --> Call to a member function findAll() on null
in APPPATH\Controllers\DemographicController.php on line 17.
 1 SYSTEMPATH\CodeIgniter.php(919): App\Controllers\DemographicController->demographics()
 2 SYSTEMPATH\CodeIgniter.php(494): CodeIgniter\CodeIgniter->runController(Object(App\Controllers\DemographicController))
 3 SYSTEMPATH\CodeIgniter.php(353): CodeIgniter\CodeIgniter->handleRequest(null, Object(Config\Cache), false)
 4 FCPATH\index.php(79): CodeIgniter\CodeIgniter->run()
 5 SYSTEMPATH\Commands\Server\rewrite.php(47): require_once('C:\\laragon\\www\\BMSproject\\public\\index.php')
CRITICAL - 2023-11-24 06:20:44 --> Class "App\Controllers\App\Models\DemographicModel" not found
in APPPATH\Controllers\DemographicController.php on line 12.
 1 SYSTEMPATH\CodeIgniter.php(891): App\Controllers\DemographicController->__construct()
 2 SYSTEMPATH\CodeIgniter.php(485): CodeIgniter\CodeIgniter->createController()
 3 SYSTEMPATH\CodeIgniter.php(353): CodeIgniter\CodeIgniter->handleRequest(null, Object(Config\Cache), false)
 4 FCPATH\index.php(79): CodeIgniter\CodeIgniter->run()
 5 SYSTEMPATH\Commands\Server\rewrite.php(47): require_once('C:\\laragon\\www\\BMSproject\\public\\index.php')
CRITICAL - 2023-11-24 06:20:45 --> Class "App\Controllers\App\Models\DemographicModel" not found
in APPPATH\Controllers\DemographicController.php on line 12.
 1 SYSTEMPATH\CodeIgniter.php(891): App\Controllers\DemographicController->__construct()
 2 SYSTEMPATH\CodeIgniter.php(485): CodeIgniter\CodeIgniter->createController()
 3 SYSTEMPATH\CodeIgniter.php(353): CodeIgniter\CodeIgniter->handleRequest(null, Object(Config\Cache), false)
 4 FCPATH\index.php(79): CodeIgniter\CodeIgniter->run()
 5 SYSTEMPATH\Commands\Server\rewrite.php(47): require_once('C:\\laragon\\www\\BMSproject\\public\\index.php')
CRITICAL - 2023-11-24 06:20:48 --> Class "App\Controllers\App\Models\DemographicModel" not found
in APPPATH\Controllers\DemographicController.php on line 12.
 1 SYSTEMPATH\CodeIgniter.php(891): App\Controllers\DemographicController->__construct()
 2 SYSTEMPATH\CodeIgniter.php(485): CodeIgniter\CodeIgniter->createController()
 3 SYSTEMPATH\CodeIgniter.php(353): CodeIgniter\CodeIgniter->handleRequest(null, Object(Config\Cache), false)
 4 FCPATH\index.php(79): CodeIgniter\CodeIgniter->run()
 5 SYSTEMPATH\Commands\Server\rewrite.php(47): require_once('C:\\laragon\\www\\BMSproject\\public\\index.php')
CRITICAL - 2023-11-24 06:22:40 --> Undefined variable $demographicdata
in APPPATH\Controllers\DemographicController.php on line 39.
 1 APPPATH\Controllers\DemographicController.php(39): CodeIgniter\Debug\Exceptions->errorHandler(2, 'Undefined variable $demographicdata', 'C:\\laragon\\www\\BMSproject\\app\\Controllers\\DemographicController.php', 39)
 2 SYSTEMPATH\CodeIgniter.php(919): App\Controllers\DemographicController->barangay_store()
 3 SYSTEMPATH\CodeIgniter.php(494): CodeIgniter\CodeIgniter->runController(Object(App\Controllers\DemographicController))
 4 SYSTEMPATH\CodeIgniter.php(353): CodeIgniter\CodeIgniter->handleRequest(null, Object(Config\Cache), false)
 5 FCPATH\index.php(79): CodeIgniter\CodeIgniter->run()
 6 SYSTEMPATH\Commands\Server\rewrite.php(47): require_once('C:\\laragon\\www\\BMSproject\\public\\index.php')
ERROR - 2023-11-24 06:34:41 --> mysqli_sql_exception: Column 'projpopu2023' cannot be null in C:\laragon\www\BMSproject\system\Database\MySQLi\Connection.php:306
Stack trace:
#0 C:\laragon\www\BMSproject\system\Database\MySQLi\Connection.php(306): mysqli->query('INSERT INTO `de...', 0)
#1 C:\laragon\www\BMSproject\system\Database\BaseConnection.php(692): CodeIgniter\Database\MySQLi\Connection->execute('INSERT INTO `de...')
#2 C:\laragon\www\BMSproject\system\Database\BaseConnection.php(606): CodeIgniter\Database\BaseConnection->simpleQuery('INSERT INTO `de...')
#3 C:\laragon\www\BMSproject\system\Database\BaseBuilder.php(2308): CodeIgniter\Database\BaseConnection->query('INSERT INTO `de...', Array, false)
#4 C:\laragon\www\BMSproject\system\Model.php(319): CodeIgniter\Database\BaseBuilder->insert()
#5 C:\laragon\www\BMSproject\system\BaseModel.php(788): CodeIgniter\Model->doInsert(Array)
#6 C:\laragon\www\BMSproject\system\Model.php(715): CodeIgniter\BaseModel->insert(Array, false)
#7 C:\laragon\www\BMSproject\system\BaseModel.php(698): CodeIgniter\Model->insert(Array, false)
#8 C:\laragon\www\BMSproject\app\Controllers\DemographicController.php(40): CodeIgniter\BaseModel->save(Array)
#9 C:\laragon\www\BMSproject\system\CodeIgniter.php(919): App\Controllers\DemographicController->barangay_store()
#10 C:\laragon\www\BMSproject\system\CodeIgniter.php(494): CodeIgniter\CodeIgniter->runController(Object(App\Controllers\DemographicController))
#11 C:\laragon\www\BMSproject\system\CodeIgniter.php(353): CodeIgniter\CodeIgniter->handleRequest(NULL, Object(Config\Cache), false)
#12 C:\laragon\www\BMSproject\public\index.php(79): CodeIgniter\CodeIgniter->run()
#13 C:\laragon\www\BMSproject\system\Commands\Server\rewrite.php(47): require_once('C:\\laragon\\www\\...')
#14 {main}
CRITICAL - 2023-11-24 06:34:41 --> Column 'projpopu2023' cannot be null
in SYSTEMPATH\Database\BaseConnection.php on line 646.
 1 SYSTEMPATH\Database\BaseBuilder.php(2308): CodeIgniter\Database\BaseConnection->query('INSERT INTO `demographicdata` (`number`, `barangay`, `landarea`, `popu2015`, `popuden2020`, `popu2020`, `projpopu2023`, `household2020`, `household2023`, `growthrate`) VALUES (:number:, :barangay:, :landarea:, :popu2015:, :popuden2020:, :popu2020:, :projpopu2023:, :household2020:, :household2023:, :growthrate:)', [...], false)
 2 SYSTEMPATH\Model.php(319): CodeIgniter\Database\BaseBuilder->insert()
 3 SYSTEMPATH\BaseModel.php(788): CodeIgniter\Model->doInsert([...])
 4 SYSTEMPATH\Model.php(715): CodeIgniter\BaseModel->insert([...], false)
 5 SYSTEMPATH\BaseModel.php(698): CodeIgniter\Model->insert([...], false)
 6 APPPATH\Controllers\DemographicController.php(40): CodeIgniter\BaseModel->save([...])
 7 SYSTEMPATH\CodeIgniter.php(919): App\Controllers\DemographicController->barangay_store()
 8 SYSTEMPATH\CodeIgniter.php(494): CodeIgniter\CodeIgniter->runController(Object(App\Controllers\DemographicController))
 9 SYSTEMPATH\CodeIgniter.php(353): CodeIgniter\CodeIgniter->handleRequest(null, Object(Config\Cache), false)
10 FCPATH\index.php(79): CodeIgniter\CodeIgniter->run()
11 SYSTEMPATH\Commands\Server\rewrite.php(47): require_once('C:\\laragon\\www\\BMSproject\\public\\index.php')
CRITICAL - 2023-11-24 07:07:33 --> Undefined variable $demographicdata
in APPPATH\Views\landingpage\include\head-demo.php on line 64.
 1 APPPATH\Views\landingpage\include\head-demo.php(64): CodeIgniter\Debug\Exceptions->errorHandler(2, 'Undefined variable $demographicdata', 'C:\\laragon\\www\\BMSproject\\app\\Views\\landingpage\\include\\head-demo.php', 64)
 2 APPPATH\Views\landingpage\barangay.php(19): include('C:\\laragon\\www\\BMSproject\\app\\Views\\landingpage\\include\\head-demo.php')
 3 APPPATH\Views\landingpage\home.php(33): include('C:\\laragon\\www\\BMSproject\\app\\Views\\landingpage\\barangay.php')
 4 SYSTEMPATH\View\View.php(226): include('C:\\laragon\\www\\BMSproject\\app\\Views\\landingpage\\home.php')
 5 SYSTEMPATH\View\View.php(229): CodeIgniter\View\View->CodeIgniter\View\{closure}()
 6 SYSTEMPATH\Common.php(1188): CodeIgniter\View\View->render('landingpage/home', [], true)
 7 APPPATH\Controllers\ViewController.php(41): view('landingpage/home')
 8 SYSTEMPATH\CodeIgniter.php(919): App\Controllers\ViewController->home()
 9 SYSTEMPATH\CodeIgniter.php(494): CodeIgniter\CodeIgniter->runController(Object(App\Controllers\ViewController))
10 SYSTEMPATH\CodeIgniter.php(353): CodeIgniter\CodeIgniter->handleRequest(null, Object(Config\Cache), false)
11 FCPATH\index.php(79): CodeIgniter\CodeIgniter->run()
12 SYSTEMPATH\Commands\Server\rewrite.php(47): require_once('C:\\laragon\\www\\BMSproject\\public\\index.php')
CRITICAL - 2023-11-24 07:16:39 --> Undefined variable $demographicdata
in APPPATH\Views\landingpage\include\head-demo.php on line 41.
 1 APPPATH\Views\landingpage\include\head-demo.php(41): CodeIgniter\Debug\Exceptions->errorHandler(2, 'Undefined variable $demographicdata', 'C:\\laragon\\www\\BMSproject\\app\\Views\\landingpage\\include\\head-demo.php', 41)
 2 APPPATH\Views\landingpage\barangay.php(19): include('C:\\laragon\\www\\BMSproject\\app\\Views\\landingpage\\include\\head-demo.php')
 3 APPPATH\Views\landingpage\home.php(33): include('C:\\laragon\\www\\BMSproject\\app\\Views\\landingpage\\barangay.php')
 4 SYSTEMPATH\View\View.php(226): include('C:\\laragon\\www\\BMSproject\\app\\Views\\landingpage\\home.php')
 5 SYSTEMPATH\View\View.php(229): CodeIgniter\View\View->CodeIgniter\View\{closure}()
 6 SYSTEMPATH\Common.php(1188): CodeIgniter\View\View->render('landingpage/home', [], true)
 7 APPPATH\Controllers\ViewController.php(41): view('landingpage/home')
 8 SYSTEMPATH\CodeIgniter.php(919): App\Controllers\ViewController->home()
 9 SYSTEMPATH\CodeIgniter.php(494): CodeIgniter\CodeIgniter->runController(Object(App\Controllers\ViewController))
10 SYSTEMPATH\CodeIgniter.php(353): CodeIgniter\CodeIgniter->handleRequest(null, Object(Config\Cache), false)
11 FCPATH\index.php(79): CodeIgniter\CodeIgniter->run()
12 SYSTEMPATH\Commands\Server\rewrite.php(47): require_once('C:\\laragon\\www\\BMSproject\\public\\index.php')
CRITICAL - 2023-11-24 07:16:43 --> Undefined variable $demographicdata
in APPPATH\Views\landingpage\include\head-demo.php on line 41.
 1 APPPATH\Views\landingpage\include\head-demo.php(41): CodeIgniter\Debug\Exceptions->errorHandler(2, 'Undefined variable $demographicdata', 'C:\\laragon\\www\\BMSproject\\app\\Views\\landingpage\\include\\head-demo.php', 41)
 2 APPPATH\Views\landingpage\barangay.php(19): include('C:\\laragon\\www\\BMSproject\\app\\Views\\landingpage\\include\\head-demo.php')
 3 APPPATH\Views\landingpage\home.php(33): include('C:\\laragon\\www\\BMSproject\\app\\Views\\landingpage\\barangay.php')
 4 SYSTEMPATH\View\View.php(226): include('C:\\laragon\\www\\BMSproject\\app\\Views\\landingpage\\home.php')
 5 SYSTEMPATH\View\View.php(229): CodeIgniter\View\View->CodeIgniter\View\{closure}()
 6 SYSTEMPATH\Common.php(1188): CodeIgniter\View\View->render('landingpage/home', [], true)
 7 APPPATH\Controllers\ViewController.php(41): view('landingpage/home')
 8 SYSTEMPATH\CodeIgniter.php(919): App\Controllers\ViewController->home()
 9 SYSTEMPATH\CodeIgniter.php(494): CodeIgniter\CodeIgniter->runController(Object(App\Controllers\ViewController))
10 SYSTEMPATH\CodeIgniter.php(353): CodeIgniter\CodeIgniter->handleRequest(null, Object(Config\Cache), false)
11 FCPATH\index.php(79): CodeIgniter\CodeIgniter->run()
12 SYSTEMPATH\Commands\Server\rewrite.php(47): require_once('C:\\laragon\\www\\BMSproject\\public\\index.php')
