CRITICAL - 2023-11-23 14:04:36 --> Invalid file: "landingpage/hom.php"
in SYSTEMPATH\Exceptions\FrameworkException.php on line 39.
 1 SYSTEMPATH\View\View.php(214): CodeIgniter\Exceptions\FrameworkException::forInvalidFile('landingpage/hom.php')
 2 SYSTEMPATH\Common.php(1188): CodeIgniter\View\View->render('landingpage/hom', [], true)
 3 APPPATH\Controllers\ViewController.php(41): view('landingpage/hom')
 4 SYSTEMPATH\CodeIgniter.php(919): App\Controllers\ViewController->home()
 5 SYSTEMPATH\CodeIgniter.php(494): CodeIgniter\CodeIgniter->runController(Object(App\Controllers\ViewController))
 6 SYSTEMPATH\CodeIgniter.php(353): CodeIgniter\CodeIgniter->handleRequest(null, Object(Config\Cache), false)
 7 FCPATH\index.php(79): CodeIgniter\CodeIgniter->run()
 8 SYSTEMPATH\Commands\Server\rewrite.php(47): require_once('C:\\laragon\\www\\BMSproject\\public\\index.php')
CRITICAL - 2023-11-23 14:23:55 --> include(include/home.php): Failed to open stream: No such file or directory
in APPPATH\Views\landingpage\about.php on line 5.
 1 APPPATH\Views\landingpage\about.php(5): CodeIgniter\Debug\Exceptions->errorHandler(2, 'include(include/home.php): Failed to open stream: No such file or directory', 'C:\\laragon\\www\\BMSproject\\app\\Views\\landingpage\\about.php', 5)
 2 APPPATH\Views\landingpage\about.php(5): include()
 3 SYSTEMPATH\View\View.php(226): include('C:\\laragon\\www\\BMSproject\\app\\Views\\landingpage\\about.php')
 4 SYSTEMPATH\View\View.php(229): CodeIgniter\View\View->CodeIgniter\View\{closure}()
 5 SYSTEMPATH\Common.php(1188): CodeIgniter\View\View->render('landingpage/about', [], true)
 6 APPPATH\Controllers\ViewController.php(46): view('landingpage/about')
 7 SYSTEMPATH\CodeIgniter.php(919): App\Controllers\ViewController->about()
 8 SYSTEMPATH\CodeIgniter.php(494): CodeIgniter\CodeIgniter->runController(Object(App\Controllers\ViewController))
 9 SYSTEMPATH\CodeIgniter.php(353): CodeIgniter\CodeIgniter->handleRequest(null, Object(Config\Cache), false)
10 FCPATH\index.php(79): CodeIgniter\CodeIgniter->run()
11 SYSTEMPATH\Commands\Server\rewrite.php(47): require_once('C:\\laragon\\www\\BMSproject\\public\\index.php')
CRITICAL - 2023-11-23 14:24:13 --> include(/home.php): Failed to open stream: No such file or directory
in APPPATH\Views\landingpage\about.php on line 5.
 1 APPPATH\Views\landingpage\about.php(5): CodeIgniter\Debug\Exceptions->errorHandler(2, 'include(/home.php): Failed to open stream: No such file or directory', 'C:\\laragon\\www\\BMSproject\\app\\Views\\landingpage\\about.php', 5)
 2 APPPATH\Views\landingpage\about.php(5): include()
 3 SYSTEMPATH\View\View.php(226): include('C:\\laragon\\www\\BMSproject\\app\\Views\\landingpage\\about.php')
 4 SYSTEMPATH\View\View.php(229): CodeIgniter\View\View->CodeIgniter\View\{closure}()
 5 SYSTEMPATH\Common.php(1188): CodeIgniter\View\View->render('landingpage/about', [], true)
 6 APPPATH\Controllers\ViewController.php(46): view('landingpage/about')
 7 SYSTEMPATH\CodeIgniter.php(919): App\Controllers\ViewController->about()
 8 SYSTEMPATH\CodeIgniter.php(494): CodeIgniter\CodeIgniter->runController(Object(App\Controllers\ViewController))
 9 SYSTEMPATH\CodeIgniter.php(353): CodeIgniter\CodeIgniter->handleRequest(null, Object(Config\Cache), false)
10 FCPATH\index.php(79): CodeIgniter\CodeIgniter->run()
11 SYSTEMPATH\Commands\Server\rewrite.php(47): require_once('C:\\laragon\\www\\BMSproject\\public\\index.php')
CRITICAL - 2023-11-23 14:24:44 --> Allowed memory size of 536870912 bytes exhausted (tried to allocate 234897408 bytes)
in APPPATH\Views\landingpage\include\nav.php on line 1.
 1 [internal function]: CodeIgniter\Debug\Exceptions->shutdownHandler()
