CRITICAL - 2023-11-21 13:18:24 --> Invalid file: "user/logn.php"
in SYSTEMPATH\Exceptions\FrameworkException.php on line 39.
 1 SYSTEMPATH\View\View.php(214): CodeIgniter\Exceptions\FrameworkException::forInvalidFile('user/logn.php')
 2 SYSTEMPATH\Common.php(1188): CodeIgniter\View\View->render('user/logn', [], true)
 3 APPPATH\Controllers\LoginController.php(11): view('user/logn')
 4 SYSTEMPATH\CodeIgniter.php(919): App\Controllers\LoginController->index()
 5 SYSTEMPATH\CodeIgniter.php(494): CodeIgniter\CodeIgniter->runController(Object(App\Controllers\LoginController))
 6 SYSTEMPATH\CodeIgniter.php(353): CodeIgniter\CodeIgniter->handleRequest(null, Object(Config\Cache), false)
 7 FCPATH\index.php(79): CodeIgniter\CodeIgniter->run()
 8 SYSTEMPATH\Commands\Server\rewrite.php(47): require_once('C:\\laragon\\www\\bmsbackend\\public\\index.php')
CRITICAL - 2023-11-21 13:18:30 --> Invalid file: "user/logn.php"
in SYSTEMPATH\Exceptions\FrameworkException.php on line 39.
 1 SYSTEMPATH\View\View.php(214): CodeIgniter\Exceptions\FrameworkException::forInvalidFile('user/logn.php')
 2 SYSTEMPATH\Common.php(1188): CodeIgniter\View\View->render('user/logn', [], true)
 3 APPPATH\Controllers\LoginController.php(11): view('user/logn')
 4 SYSTEMPATH\CodeIgniter.php(919): App\Controllers\LoginController->index()
 5 SYSTEMPATH\CodeIgniter.php(494): CodeIgniter\CodeIgniter->runController(Object(App\Controllers\LoginController))
 6 SYSTEMPATH\CodeIgniter.php(353): CodeIgniter\CodeIgniter->handleRequest(null, Object(Config\Cache), false)
 7 FCPATH\index.php(79): CodeIgniter\CodeIgniter->run()
 8 SYSTEMPATH\Commands\Server\rewrite.php(47): require_once('C:\\laragon\\www\\bmsbackend\\public\\index.php')
CRITICAL - 2023-11-21 13:18:41 --> Invalid file: "user/logn.php"
in SYSTEMPATH\Exceptions\FrameworkException.php on line 39.
 1 SYSTEMPATH\View\View.php(214): CodeIgniter\Exceptions\FrameworkException::forInvalidFile('user/logn.php')
 2 SYSTEMPATH\Common.php(1188): CodeIgniter\View\View->render('user/logn', [], true)
 3 APPPATH\Controllers\LoginController.php(11): view('user/logn')
 4 SYSTEMPATH\CodeIgniter.php(919): App\Controllers\LoginController->index()
 5 SYSTEMPATH\CodeIgniter.php(494): CodeIgniter\CodeIgniter->runController(Object(App\Controllers\LoginController))
 6 SYSTEMPATH\CodeIgniter.php(353): CodeIgniter\CodeIgniter->handleRequest(null, Object(Config\Cache), false)
 7 FCPATH\index.php(79): CodeIgniter\CodeIgniter->run()
 8 SYSTEMPATH\Commands\Server\rewrite.php(47): require_once('C:\\laragon\\www\\bmsbackend\\public\\index.php')
CRITICAL - 2023-11-21 13:18:46 --> syntax error, unexpected token "}", expecting "," or ";"
in APPPATH\Controllers\LoginController.php on line 12.
 1 SYSTEMPATH\Autoloader\Autoloader.php(285): CodeIgniter\Autoloader\Autoloader->includeFile('C:\\laragon\\www\\bmsbackend\\app\\Controllers\\loginController.php')
 2 SYSTEMPATH\Autoloader\Autoloader.php(263): CodeIgniter\Autoloader\Autoloader->loadInNamespace('App\\Controllers\\loginController')
 3 [internal function]: CodeIgniter\Autoloader\Autoloader->loadClass('App\\Controllers\\loginController')
 4 SYSTEMPATH\CodeIgniter.php(877): class_exists('\\App\\Controllers\\loginController', true)
 5 SYSTEMPATH\CodeIgniter.php(481): CodeIgniter\CodeIgniter->startController()
 6 SYSTEMPATH\CodeIgniter.php(353): CodeIgniter\CodeIgniter->handleRequest(null, Object(Config\Cache), false)
 7 FCPATH\index.php(79): CodeIgniter\CodeIgniter->run()
 8 SYSTEMPATH\Commands\Server\rewrite.php(47): require_once('C:\\laragon\\www\\bmsbackend\\public\\index.php')
CRITICAL - 2023-11-21 13:18:47 --> syntax error, unexpected token "}", expecting "," or ";"
in APPPATH\Controllers\LoginController.php on line 12.
 1 SYSTEMPATH\Autoloader\Autoloader.php(285): CodeIgniter\Autoloader\Autoloader->includeFile('C:\\laragon\\www\\bmsbackend\\app\\Controllers\\loginController.php')
 2 SYSTEMPATH\Autoloader\Autoloader.php(263): CodeIgniter\Autoloader\Autoloader->loadInNamespace('App\\Controllers\\loginController')
 3 [internal function]: CodeIgniter\Autoloader\Autoloader->loadClass('App\\Controllers\\loginController')
 4 SYSTEMPATH\CodeIgniter.php(877): class_exists('\\App\\Controllers\\loginController', true)
 5 SYSTEMPATH\CodeIgniter.php(481): CodeIgniter\CodeIgniter->startController()
 6 SYSTEMPATH\CodeIgniter.php(353): CodeIgniter\CodeIgniter->handleRequest(null, Object(Config\Cache), false)
 7 FCPATH\index.php(79): CodeIgniter\CodeIgniter->run()
 8 SYSTEMPATH\Commands\Server\rewrite.php(47): require_once('C:\\laragon\\www\\bmsbackend\\public\\index.php')
CRITICAL - 2023-11-21 13:19:01 --> syntax error, unexpected token "}", expecting "," or ";"
in APPPATH\Controllers\LoginController.php on line 12.
 1 SYSTEMPATH\Autoloader\Autoloader.php(285): CodeIgniter\Autoloader\Autoloader->includeFile('C:\\laragon\\www\\bmsbackend\\app\\Controllers\\loginController.php')
 2 SYSTEMPATH\Autoloader\Autoloader.php(263): CodeIgniter\Autoloader\Autoloader->loadInNamespace('App\\Controllers\\loginController')
 3 [internal function]: CodeIgniter\Autoloader\Autoloader->loadClass('App\\Controllers\\loginController')
 4 SYSTEMPATH\CodeIgniter.php(877): class_exists('\\App\\Controllers\\loginController', true)
 5 SYSTEMPATH\CodeIgniter.php(481): CodeIgniter\CodeIgniter->startController()
 6 SYSTEMPATH\CodeIgniter.php(353): CodeIgniter\CodeIgniter->handleRequest(null, Object(Config\Cache), false)
 7 FCPATH\index.php(79): CodeIgniter\CodeIgniter->run()
 8 SYSTEMPATH\Commands\Server\rewrite.php(47): require_once('C:\\laragon\\www\\bmsbackend\\public\\index.php')
CRITICAL - 2023-11-21 13:19:06 --> syntax error, unexpected token "}", expecting "," or ";"
in APPPATH\Controllers\LoginController.php on line 12.
 1 SYSTEMPATH\Autoloader\Autoloader.php(285): CodeIgniter\Autoloader\Autoloader->includeFile('C:\\laragon\\www\\bmsbackend\\app\\Controllers\\loginController.php')
 2 SYSTEMPATH\Autoloader\Autoloader.php(263): CodeIgniter\Autoloader\Autoloader->loadInNamespace('App\\Controllers\\loginController')
 3 [internal function]: CodeIgniter\Autoloader\Autoloader->loadClass('App\\Controllers\\loginController')
 4 SYSTEMPATH\CodeIgniter.php(877): class_exists('\\App\\Controllers\\loginController', true)
 5 SYSTEMPATH\CodeIgniter.php(481): CodeIgniter\CodeIgniter->startController()
 6 SYSTEMPATH\CodeIgniter.php(353): CodeIgniter\CodeIgniter->handleRequest(null, Object(Config\Cache), false)
 7 FCPATH\index.php(79): CodeIgniter\CodeIgniter->run()
 8 SYSTEMPATH\Commands\Server\rewrite.php(47): require_once('C:\\laragon\\www\\bmsbackend\\public\\index.php')
CRITICAL - 2023-11-21 13:19:25 --> Invalid file: "user/logn.php"
in SYSTEMPATH\Exceptions\FrameworkException.php on line 39.
 1 SYSTEMPATH\View\View.php(214): CodeIgniter\Exceptions\FrameworkException::forInvalidFile('user/logn.php')
 2 SYSTEMPATH\Common.php(1188): CodeIgniter\View\View->render('user/logn', [], true)
 3 APPPATH\Controllers\LoginController.php(11): view('user/logn')
 4 SYSTEMPATH\CodeIgniter.php(919): App\Controllers\LoginController->index()
 5 SYSTEMPATH\CodeIgniter.php(494): CodeIgniter\CodeIgniter->runController(Object(App\Controllers\LoginController))
 6 SYSTEMPATH\CodeIgniter.php(353): CodeIgniter\CodeIgniter->handleRequest(null, Object(Config\Cache), false)
 7 FCPATH\index.php(79): CodeIgniter\CodeIgniter->run()
 8 SYSTEMPATH\Commands\Server\rewrite.php(47): require_once('C:\\laragon\\www\\bmsbackend\\public\\index.php')
ERROR - 2023-11-21 14:36:35 --> Error connecting to the database: mysqli_sql_exception: Access denied for user ''@'localhost' (using password: NO) in C:\laragon\www\bmsbackend\system\Database\MySQLi\Connection.php:185
Stack trace:
#0 C:\laragon\www\bmsbackend\system\Database\MySQLi\Connection.php(185): mysqli->real_connect('localhost', '', '', '', 3306, '', 0)
#1 C:\laragon\www\bmsbackend\system\Database\BaseConnection.php(391): CodeIgniter\Database\MySQLi\Connection->connect(false)
#2 C:\laragon\www\bmsbackend\system\Database\BaseConnection.php(574): CodeIgniter\Database\BaseConnection->initialize()
#3 C:\laragon\www\bmsbackend\system\Database\BaseBuilder.php(1615): CodeIgniter\Database\BaseConnection->query('SELECT 1\nFROM `...', Array, false)
#4 C:\laragon\www\bmsbackend\system\Validation\StrictRules\Rules.php(206): CodeIgniter\Database\BaseBuilder->get()
#5 C:\laragon\www\bmsbackend\system\Validation\Validation.php(309): CodeIgniter\Validation\StrictRules\Rules->is_unique('changeldc11@gma...', 'email', Array, NULL, 'email')
#6 C:\laragon\www\bmsbackend\system\Validation\Validation.php(195): CodeIgniter\Validation\Validation->processRules('email', 'email', 'changeldc11@gma...', Array, Array)
#7 C:\laragon\www\bmsbackend\system\Controller.php(150): CodeIgniter\Validation\Validation->run()
#8 C:\laragon\www\bmsbackend\app\Controllers\RegisterController.php(32): CodeIgniter\Controller->validate(Array)
#9 C:\laragon\www\bmsbackend\system\CodeIgniter.php(919): App\Controllers\RegisterController->store()
#10 C:\laragon\www\bmsbackend\system\CodeIgniter.php(494): CodeIgniter\CodeIgniter->runController(Object(App\Controllers\RegisterController))
#11 C:\laragon\www\bmsbackend\system\CodeIgniter.php(353): CodeIgniter\CodeIgniter->handleRequest(NULL, Object(Config\Cache), false)
#12 C:\laragon\www\bmsbackend\public\index.php(79): CodeIgniter\CodeIgniter->run()
#13 C:\laragon\www\bmsbackend\system\Commands\Server\rewrite.php(47): require_once('C:\\laragon\\www\\...')
#14 {main}

Next CodeIgniter\Database\Exceptions\DatabaseException: Access denied for user ''@'localhost' (using password: NO) in C:\laragon\www\bmsbackend\system\Database\MySQLi\Connection.php:229
Stack trace:
#0 C:\laragon\www\bmsbackend\system\Database\BaseConnection.php(391): CodeIgniter\Database\MySQLi\Connection->connect(false)
#1 C:\laragon\www\bmsbackend\system\Database\BaseConnection.php(574): CodeIgniter\Database\BaseConnection->initialize()
#2 C:\laragon\www\bmsbackend\system\Database\BaseBuilder.php(1615): CodeIgniter\Database\BaseConnection->query('SELECT 1\nFROM `...', Array, false)
#3 C:\laragon\www\bmsbackend\system\Validation\StrictRules\Rules.php(206): CodeIgniter\Database\BaseBuilder->get()
#4 C:\laragon\www\bmsbackend\system\Validation\Validation.php(309): CodeIgniter\Validation\StrictRules\Rules->is_unique('changeldc11@gma...', 'email', Array, NULL, 'email')
#5 C:\laragon\www\bmsbackend\system\Validation\Validation.php(195): CodeIgniter\Validation\Validation->processRules('email', 'email', 'changeldc11@gma...', Array, Array)
#6 C:\laragon\www\bmsbackend\system\Controller.php(150): CodeIgniter\Validation\Validation->run()
#7 C:\laragon\www\bmsbackend\app\Controllers\RegisterController.php(32): CodeIgniter\Controller->validate(Array)
#8 C:\laragon\www\bmsbackend\system\CodeIgniter.php(919): App\Controllers\RegisterController->store()
#9 C:\laragon\www\bmsbackend\system\CodeIgniter.php(494): CodeIgniter\CodeIgniter->runController(Object(App\Controllers\RegisterController))
#10 C:\laragon\www\bmsbackend\system\CodeIgniter.php(353): CodeIgniter\CodeIgniter->handleRequest(NULL, Object(Config\Cache), false)
#11 C:\laragon\www\bmsbackend\public\index.php(79): CodeIgniter\CodeIgniter->run()
#12 C:\laragon\www\bmsbackend\system\Commands\Server\rewrite.php(47): require_once('C:\\laragon\\www\\...')
#13 {main}
CRITICAL - 2023-11-21 14:36:35 --> Unable to connect to the database.
Main connection [MySQLi]: Access denied for user ''@'localhost' (using password: NO)
in SYSTEMPATH\Database\BaseConnection.php on line 427.
 1 SYSTEMPATH\Database\BaseConnection.php(574): CodeIgniter\Database\BaseConnection->initialize()
 2 SYSTEMPATH\Database\BaseBuilder.php(1615): CodeIgniter\Database\BaseConnection->query('SELECT 1
FROM `user`
WHERE `email` = :email:
 LIMIT 1', [...], false)
 3 SYSTEMPATH\Validation\StrictRules\Rules.php(206): CodeIgniter\Database\BaseBuilder->get()
 4 SYSTEMPATH\Validation\Validation.php(309): CodeIgniter\Validation\StrictRules\Rules->is_unique('changeldc11@gmail.com', 'email', [...], null, 'email')
 5 SYSTEMPATH\Validation\Validation.php(195): CodeIgniter\Validation\Validation->processRules('email', 'email', 'changeldc11@gmail.com', [...], [...])
 6 SYSTEMPATH\Controller.php(150): CodeIgniter\Validation\Validation->run()
 7 APPPATH\Controllers\RegisterController.php(32): CodeIgniter\Controller->validate([...])
 8 SYSTEMPATH\CodeIgniter.php(919): App\Controllers\RegisterController->store()
 9 SYSTEMPATH\CodeIgniter.php(494): CodeIgniter\CodeIgniter->runController(Object(App\Controllers\RegisterController))
10 SYSTEMPATH\CodeIgniter.php(353): CodeIgniter\CodeIgniter->handleRequest(null, Object(Config\Cache), false)
11 FCPATH\index.php(79): CodeIgniter\CodeIgniter->run()
12 SYSTEMPATH\Commands\Server\rewrite.php(47): require_once('C:\\laragon\\www\\bmsbackend\\public\\index.php')
CRITICAL - 2023-11-21 14:37:44 --> Class "App\Controllers\RegistrationModel" not found
in APPPATH\Controllers\RegisterController.php on line 33.
 1 SYSTEMPATH\CodeIgniter.php(919): App\Controllers\RegisterController->store()
 2 SYSTEMPATH\CodeIgniter.php(494): CodeIgniter\CodeIgniter->runController(Object(App\Controllers\RegisterController))
 3 SYSTEMPATH\CodeIgniter.php(353): CodeIgniter\CodeIgniter->handleRequest(null, Object(Config\Cache), false)
 4 FCPATH\index.php(79): CodeIgniter\CodeIgniter->run()
 5 SYSTEMPATH\Commands\Server\rewrite.php(47): require_once('C:\\laragon\\www\\bmsbackend\\public\\index.php')
CRITICAL - 2023-11-21 14:51:10 --> Class "App\Controllers\RegistrModel" not found
in APPPATH\Controllers\LoginController.php on line 22.
 1 SYSTEMPATH\CodeIgniter.php(919): App\Controllers\LoginController->loginAuth()
 2 SYSTEMPATH\CodeIgniter.php(494): CodeIgniter\CodeIgniter->runController(Object(App\Controllers\LoginController))
 3 SYSTEMPATH\CodeIgniter.php(353): CodeIgniter\CodeIgniter->handleRequest(null, Object(Config\Cache), false)
 4 FCPATH\index.php(79): CodeIgniter\CodeIgniter->run()
 5 SYSTEMPATH\Commands\Server\rewrite.php(47): require_once('C:\\laragon\\www\\bmsbackend\\public\\index.php')
CRITICAL - 2023-11-21 14:52:04 --> Undefined array key "name"
in APPPATH\Controllers\LoginController.php on line 34.
 1 APPPATH\Controllers\LoginController.php(34): CodeIgniter\Debug\Exceptions->errorHandler(2, 'Undefined array key "name"', 'C:\\laragon\\www\\bmsbackend\\app\\Controllers\\LoginController.php', 34)
 2 SYSTEMPATH\CodeIgniter.php(919): App\Controllers\LoginController->loginAuth()
 3 SYSTEMPATH\CodeIgniter.php(494): CodeIgniter\CodeIgniter->runController(Object(App\Controllers\LoginController))
 4 SYSTEMPATH\CodeIgniter.php(353): CodeIgniter\CodeIgniter->handleRequest(null, Object(Config\Cache), false)
 5 FCPATH\index.php(79): CodeIgniter\CodeIgniter->run()
 6 SYSTEMPATH\Commands\Server\rewrite.php(47): require_once('C:\\laragon\\www\\bmsbackend\\public\\index.php')
CRITICAL - 2023-11-21 14:56:31 --> Invalid file: "/register.php"
in SYSTEMPATH\Exceptions\FrameworkException.php on line 39.
 1 SYSTEMPATH\View\View.php(214): CodeIgniter\Exceptions\FrameworkException::forInvalidFile('/register.php')
 2 SYSTEMPATH\Common.php(1188): CodeIgniter\View\View->render('/register', [], true)
 3 APPPATH\Controllers\LoginController.php(41): view('/register')
 4 SYSTEMPATH\CodeIgniter.php(919): App\Controllers\LoginController->loginAuth()
 5 SYSTEMPATH\CodeIgniter.php(494): CodeIgniter\CodeIgniter->runController(Object(App\Controllers\LoginController))
 6 SYSTEMPATH\CodeIgniter.php(353): CodeIgniter\CodeIgniter->handleRequest(null, Object(Config\Cache), false)
 7 FCPATH\index.php(79): CodeIgniter\CodeIgniter->run()
 8 SYSTEMPATH\Commands\Server\rewrite.php(47): require_once('C:\\laragon\\www\\bmsbackend\\public\\index.php')
CRITICAL - 2023-11-21 15:54:50 --> Call to undefined function role()
in APPPATH\Views\dashboard\include\sidebar.php on line 14.
 1 APPPATH\Views\dashboard\dashboard.php(9): include()
 2 SYSTEMPATH\View\View.php(226): include('C:\\laragon\\www\\bmsbackend\\app\\Views\\dashboard\\dashboard.php')
 3 SYSTEMPATH\View\View.php(229): CodeIgniter\View\View->CodeIgniter\View\{closure}()
 4 SYSTEMPATH\Common.php(1188): CodeIgniter\View\View->render('dashboard/dashboard', [], true)
 5 APPPATH\Controllers\RegisterController.php(11): view('dashboard/dashboard')
 6 SYSTEMPATH\CodeIgniter.php(919): App\Controllers\RegisterController->index()
 7 SYSTEMPATH\CodeIgniter.php(494): CodeIgniter\CodeIgniter->runController(Object(App\Controllers\RegisterController))
 8 SYSTEMPATH\CodeIgniter.php(353): CodeIgniter\CodeIgniter->handleRequest(null, Object(Config\Cache), false)
 9 FCPATH\index.php(79): CodeIgniter\CodeIgniter->run()
10 SYSTEMPATH\Commands\Server\rewrite.php(47): require_once('C:\\laragon\\www\\bmsbackend\\public\\index.php')
CRITICAL - 2023-11-21 15:55:40 --> Call to undefined function appendActiveClass()
in APPPATH\Views\dashboard\include\sidebar.php on line 32.
 1 APPPATH\Views\dashboard\dashboard.php(9): include()
 2 SYSTEMPATH\View\View.php(226): include('C:\\laragon\\www\\bmsbackend\\app\\Views\\dashboard\\dashboard.php')
 3 SYSTEMPATH\View\View.php(229): CodeIgniter\View\View->CodeIgniter\View\{closure}()
 4 SYSTEMPATH\Common.php(1188): CodeIgniter\View\View->render('dashboard/dashboard', [], true)
 5 APPPATH\Controllers\RegisterController.php(11): view('dashboard/dashboard')
 6 SYSTEMPATH\CodeIgniter.php(919): App\Controllers\RegisterController->index()
 7 SYSTEMPATH\CodeIgniter.php(494): CodeIgniter\CodeIgniter->runController(Object(App\Controllers\RegisterController))
 8 SYSTEMPATH\CodeIgniter.php(353): CodeIgniter\CodeIgniter->handleRequest(null, Object(Config\Cache), false)
 9 FCPATH\index.php(79): CodeIgniter\CodeIgniter->run()
10 SYSTEMPATH\Commands\Server\rewrite.php(47): require_once('C:\\laragon\\www\\bmsbackend\\public\\index.php')
CRITICAL - 2023-11-21 15:55:53 --> Call to undefined function role()
in APPPATH\Views\dashboard\include\sidebar.php on line 43.
 1 APPPATH\Views\dashboard\dashboard.php(9): include()
 2 SYSTEMPATH\View\View.php(226): include('C:\\laragon\\www\\bmsbackend\\app\\Views\\dashboard\\dashboard.php')
 3 SYSTEMPATH\View\View.php(229): CodeIgniter\View\View->CodeIgniter\View\{closure}()
 4 SYSTEMPATH\Common.php(1188): CodeIgniter\View\View->render('dashboard/dashboard', [], true)
 5 APPPATH\Controllers\RegisterController.php(11): view('dashboard/dashboard')
 6 SYSTEMPATH\CodeIgniter.php(919): App\Controllers\RegisterController->index()
 7 SYSTEMPATH\CodeIgniter.php(494): CodeIgniter\CodeIgniter->runController(Object(App\Controllers\RegisterController))
 8 SYSTEMPATH\CodeIgniter.php(353): CodeIgniter\CodeIgniter->handleRequest(null, Object(Config\Cache), false)
 9 FCPATH\index.php(79): CodeIgniter\CodeIgniter->run()
10 SYSTEMPATH\Commands\Server\rewrite.php(47): require_once('C:\\laragon\\www\\bmsbackend\\public\\index.php')
CRITICAL - 2023-11-21 15:56:03 --> syntax error, unexpected token "endif", expecting end of file
in APPPATH\Views\dashboard\include\sidebar.php on line 52.
 1 SYSTEMPATH\View\View.php(226): include()
 2 SYSTEMPATH\View\View.php(229): CodeIgniter\View\View->CodeIgniter\View\{closure}()
 3 SYSTEMPATH\Common.php(1188): CodeIgniter\View\View->render('dashboard/dashboard', [], true)
 4 APPPATH\Controllers\RegisterController.php(11): view('dashboard/dashboard')
 5 SYSTEMPATH\CodeIgniter.php(919): App\Controllers\RegisterController->index()
 6 SYSTEMPATH\CodeIgniter.php(494): CodeIgniter\CodeIgniter->runController(Object(App\Controllers\RegisterController))
 7 SYSTEMPATH\CodeIgniter.php(353): CodeIgniter\CodeIgniter->handleRequest(null, Object(Config\Cache), false)
 8 FCPATH\index.php(79): CodeIgniter\CodeIgniter->run()
 9 SYSTEMPATH\Commands\Server\rewrite.php(47): require_once('C:\\laragon\\www\\bmsbackend\\public\\index.php')
CRITICAL - 2023-11-21 15:56:20 --> Call to undefined function appendActiveClass()
in APPPATH\Views\dashboard\include\sidebar.php on line 45.
 1 APPPATH\Views\dashboard\dashboard.php(9): include()
 2 SYSTEMPATH\View\View.php(226): include('C:\\laragon\\www\\bmsbackend\\app\\Views\\dashboard\\dashboard.php')
 3 SYSTEMPATH\View\View.php(229): CodeIgniter\View\View->CodeIgniter\View\{closure}()
 4 SYSTEMPATH\Common.php(1188): CodeIgniter\View\View->render('dashboard/dashboard', [], true)
 5 APPPATH\Controllers\RegisterController.php(11): view('dashboard/dashboard')
 6 SYSTEMPATH\CodeIgniter.php(919): App\Controllers\RegisterController->index()
 7 SYSTEMPATH\CodeIgniter.php(494): CodeIgniter\CodeIgniter->runController(Object(App\Controllers\RegisterController))
 8 SYSTEMPATH\CodeIgniter.php(353): CodeIgniter\CodeIgniter->handleRequest(null, Object(Config\Cache), false)
 9 FCPATH\index.php(79): CodeIgniter\CodeIgniter->run()
10 SYSTEMPATH\Commands\Server\rewrite.php(47): require_once('C:\\laragon\\www\\bmsbackend\\public\\index.php')
CRITICAL - 2023-11-21 15:56:28 --> Call to undefined function appendActiveClass()
in APPPATH\Views\dashboard\include\sidebar.php on line 45.
 1 APPPATH\Views\dashboard\dashboard.php(9): include()
 2 SYSTEMPATH\View\View.php(226): include('C:\\laragon\\www\\bmsbackend\\app\\Views\\dashboard\\dashboard.php')
 3 SYSTEMPATH\View\View.php(229): CodeIgniter\View\View->CodeIgniter\View\{closure}()
 4 SYSTEMPATH\Common.php(1188): CodeIgniter\View\View->render('dashboard/dashboard', [], true)
 5 APPPATH\Controllers\RegisterController.php(11): view('dashboard/dashboard')
 6 SYSTEMPATH\CodeIgniter.php(919): App\Controllers\RegisterController->index()
 7 SYSTEMPATH\CodeIgniter.php(494): CodeIgniter\CodeIgniter->runController(Object(App\Controllers\RegisterController))
 8 SYSTEMPATH\CodeIgniter.php(353): CodeIgniter\CodeIgniter->handleRequest(null, Object(Config\Cache), false)
 9 FCPATH\index.php(79): CodeIgniter\CodeIgniter->run()
10 SYSTEMPATH\Commands\Server\rewrite.php(47): require_once('C:\\laragon\\www\\bmsbackend\\public\\index.php')
CRITICAL - 2023-11-21 15:56:29 --> Call to undefined function appendActiveClass()
in APPPATH\Views\dashboard\include\sidebar.php on line 45.
 1 APPPATH\Views\dashboard\dashboard.php(9): include()
 2 SYSTEMPATH\View\View.php(226): include('C:\\laragon\\www\\bmsbackend\\app\\Views\\dashboard\\dashboard.php')
 3 SYSTEMPATH\View\View.php(229): CodeIgniter\View\View->CodeIgniter\View\{closure}()
 4 SYSTEMPATH\Common.php(1188): CodeIgniter\View\View->render('dashboard/dashboard', [], true)
 5 APPPATH\Controllers\RegisterController.php(11): view('dashboard/dashboard')
 6 SYSTEMPATH\CodeIgniter.php(919): App\Controllers\RegisterController->index()
 7 SYSTEMPATH\CodeIgniter.php(494): CodeIgniter\CodeIgniter->runController(Object(App\Controllers\RegisterController))
 8 SYSTEMPATH\CodeIgniter.php(353): CodeIgniter\CodeIgniter->handleRequest(null, Object(Config\Cache), false)
 9 FCPATH\index.php(79): CodeIgniter\CodeIgniter->run()
10 SYSTEMPATH\Commands\Server\rewrite.php(47): require_once('C:\\laragon\\www\\bmsbackend\\public\\index.php')
CRITICAL - 2023-11-21 15:56:54 --> Call to undefined function appendActiveClass()
in APPPATH\Views\dashboard\include\sidebar.php on line 55.
 1 APPPATH\Views\dashboard\dashboard.php(9): include()
 2 SYSTEMPATH\View\View.php(226): include('C:\\laragon\\www\\bmsbackend\\app\\Views\\dashboard\\dashboard.php')
 3 SYSTEMPATH\View\View.php(229): CodeIgniter\View\View->CodeIgniter\View\{closure}()
 4 SYSTEMPATH\Common.php(1188): CodeIgniter\View\View->render('dashboard/dashboard', [], true)
 5 APPPATH\Controllers\RegisterController.php(11): view('dashboard/dashboard')
 6 SYSTEMPATH\CodeIgniter.php(919): App\Controllers\RegisterController->index()
 7 SYSTEMPATH\CodeIgniter.php(494): CodeIgniter\CodeIgniter->runController(Object(App\Controllers\RegisterController))
 8 SYSTEMPATH\CodeIgniter.php(353): CodeIgniter\CodeIgniter->handleRequest(null, Object(Config\Cache), false)
 9 FCPATH\index.php(79): CodeIgniter\CodeIgniter->run()
10 SYSTEMPATH\Commands\Server\rewrite.php(47): require_once('C:\\laragon\\www\\bmsbackend\\public\\index.php')
CRITICAL - 2023-11-21 15:57:03 --> Call to undefined function role()
in APPPATH\Views\dashboard\include\sidebar.php on line 63.
 1 APPPATH\Views\dashboard\dashboard.php(9): include()
 2 SYSTEMPATH\View\View.php(226): include('C:\\laragon\\www\\bmsbackend\\app\\Views\\dashboard\\dashboard.php')
 3 SYSTEMPATH\View\View.php(229): CodeIgniter\View\View->CodeIgniter\View\{closure}()
 4 SYSTEMPATH\Common.php(1188): CodeIgniter\View\View->render('dashboard/dashboard', [], true)
 5 APPPATH\Controllers\RegisterController.php(11): view('dashboard/dashboard')
 6 SYSTEMPATH\CodeIgniter.php(919): App\Controllers\RegisterController->index()
 7 SYSTEMPATH\CodeIgniter.php(494): CodeIgniter\CodeIgniter->runController(Object(App\Controllers\RegisterController))
 8 SYSTEMPATH\CodeIgniter.php(353): CodeIgniter\CodeIgniter->handleRequest(null, Object(Config\Cache), false)
 9 FCPATH\index.php(79): CodeIgniter\CodeIgniter->run()
10 SYSTEMPATH\Commands\Server\rewrite.php(47): require_once('C:\\laragon\\www\\bmsbackend\\public\\index.php')
CRITICAL - 2023-11-21 15:57:40 --> syntax error, unexpected token "endif", expecting end of file
in APPPATH\Views\dashboard\include\sidebar.php on line 94.
 1 SYSTEMPATH\View\View.php(226): include()
 2 SYSTEMPATH\View\View.php(229): CodeIgniter\View\View->CodeIgniter\View\{closure}()
 3 SYSTEMPATH\Common.php(1188): CodeIgniter\View\View->render('dashboard/dashboard', [], true)
 4 APPPATH\Controllers\RegisterController.php(11): view('dashboard/dashboard')
 5 SYSTEMPATH\CodeIgniter.php(919): App\Controllers\RegisterController->index()
 6 SYSTEMPATH\CodeIgniter.php(494): CodeIgniter\CodeIgniter->runController(Object(App\Controllers\RegisterController))
 7 SYSTEMPATH\CodeIgniter.php(353): CodeIgniter\CodeIgniter->handleRequest(null, Object(Config\Cache), false)
 8 FCPATH\index.php(79): CodeIgniter\CodeIgniter->run()
 9 SYSTEMPATH\Commands\Server\rewrite.php(47): require_once('C:\\laragon\\www\\bmsbackend\\public\\index.php')
CRITICAL - 2023-11-21 15:59:09 --> syntax error, unexpected token "endif", expecting end of file
in APPPATH\Views\dashboard\include\sidebar.php on line 245.
 1 SYSTEMPATH\View\View.php(226): include()
 2 SYSTEMPATH\View\View.php(229): CodeIgniter\View\View->CodeIgniter\View\{closure}()
 3 SYSTEMPATH\Common.php(1188): CodeIgniter\View\View->render('dashboard/dashboard', [], true)
 4 APPPATH\Controllers\RegisterController.php(11): view('dashboard/dashboard')
 5 SYSTEMPATH\CodeIgniter.php(919): App\Controllers\RegisterController->index()
 6 SYSTEMPATH\CodeIgniter.php(494): CodeIgniter\CodeIgniter->runController(Object(App\Controllers\RegisterController))
 7 SYSTEMPATH\CodeIgniter.php(353): CodeIgniter\CodeIgniter->handleRequest(null, Object(Config\Cache), false)
 8 FCPATH\index.php(79): CodeIgniter\CodeIgniter->run()
 9 SYSTEMPATH\Commands\Server\rewrite.php(47): require_once('C:\\laragon\\www\\bmsbackend\\public\\index.php')
CRITICAL - 2023-11-21 15:59:27 --> Undefined variable $isSettingsPage
in APPPATH\Views\dashboard\include\sidebar.php on line 170.
 1 APPPATH\Views\dashboard\include\sidebar.php(170): CodeIgniter\Debug\Exceptions->errorHandler(2, 'Undefined variable $isSettingsPage', 'C:\\laragon\\www\\bmsbackend\\app\\Views\\dashboard\\include\\sidebar.php', 170)
 2 APPPATH\Views\dashboard\dashboard.php(9): include('C:\\laragon\\www\\bmsbackend\\app\\Views\\dashboard\\include\\sidebar.php')
 3 SYSTEMPATH\View\View.php(226): include('C:\\laragon\\www\\bmsbackend\\app\\Views\\dashboard\\dashboard.php')
 4 SYSTEMPATH\View\View.php(229): CodeIgniter\View\View->CodeIgniter\View\{closure}()
 5 SYSTEMPATH\Common.php(1188): CodeIgniter\View\View->render('dashboard/dashboard', [], true)
 6 APPPATH\Controllers\RegisterController.php(11): view('dashboard/dashboard')
 7 SYSTEMPATH\CodeIgniter.php(919): App\Controllers\RegisterController->index()
 8 SYSTEMPATH\CodeIgniter.php(494): CodeIgniter\CodeIgniter->runController(Object(App\Controllers\RegisterController))
 9 SYSTEMPATH\CodeIgniter.php(353): CodeIgniter\CodeIgniter->handleRequest(null, Object(Config\Cache), false)
10 FCPATH\index.php(79): CodeIgniter\CodeIgniter->run()
11 SYSTEMPATH\Commands\Server\rewrite.php(47): require_once('C:\\laragon\\www\\bmsbackend\\public\\index.php')
CRITICAL - 2023-11-21 16:04:15 --> include(templates/header.php): Failed to open stream: No such file or directory
in APPPATH\Views\dashboard\dashboard.php on line 5.
 1 APPPATH\Views\dashboard\dashboard.php(5): CodeIgniter\Debug\Exceptions->errorHandler(2, 'include(templates/header.php): Failed to open stream: No such file or directory', 'C:\\laragon\\www\\bmsbackend\\app\\Views\\dashboard\\dashboard.php', 5)
 2 APPPATH\Views\dashboard\dashboard.php(5): include()
 3 SYSTEMPATH\View\View.php(226): include('C:\\laragon\\www\\bmsbackend\\app\\Views\\dashboard\\dashboard.php')
 4 SYSTEMPATH\View\View.php(229): CodeIgniter\View\View->CodeIgniter\View\{closure}()
 5 SYSTEMPATH\Common.php(1188): CodeIgniter\View\View->render('dashboard/dashboard', [], true)
 6 APPPATH\Controllers\RegisterController.php(11): view('dashboard/dashboard')
 7 SYSTEMPATH\CodeIgniter.php(919): App\Controllers\RegisterController->index()
 8 SYSTEMPATH\CodeIgniter.php(494): CodeIgniter\CodeIgniter->runController(Object(App\Controllers\RegisterController))
 9 SYSTEMPATH\CodeIgniter.php(353): CodeIgniter\CodeIgniter->handleRequest(null, Object(Config\Cache), false)
10 FCPATH\index.php(79): CodeIgniter\CodeIgniter->run()
11 SYSTEMPATH\Commands\Server\rewrite.php(47): require_once('C:\\laragon\\www\\bmsbackend\\public\\index.php')
CRITICAL - 2023-11-21 16:05:23 --> include(include/header.php): Failed to open stream: No such file or directory
in APPPATH\Views\dashboard\dashboard.php on line 5.
 1 APPPATH\Views\dashboard\dashboard.php(5): CodeIgniter\Debug\Exceptions->errorHandler(2, 'include(include/header.php): Failed to open stream: No such file or directory', 'C:\\laragon\\www\\bmsbackend\\app\\Views\\dashboard\\dashboard.php', 5)
 2 APPPATH\Views\dashboard\dashboard.php(5): include()
 3 SYSTEMPATH\View\View.php(226): include('C:\\laragon\\www\\bmsbackend\\app\\Views\\dashboard\\dashboard.php')
 4 SYSTEMPATH\View\View.php(229): CodeIgniter\View\View->CodeIgniter\View\{closure}()
 5 SYSTEMPATH\Common.php(1188): CodeIgniter\View\View->render('dashboard/dashboard', [], true)
 6 APPPATH\Controllers\RegisterController.php(11): view('dashboard/dashboard')
 7 SYSTEMPATH\CodeIgniter.php(919): App\Controllers\RegisterController->index()
 8 SYSTEMPATH\CodeIgniter.php(494): CodeIgniter\CodeIgniter->runController(Object(App\Controllers\RegisterController))
 9 SYSTEMPATH\CodeIgniter.php(353): CodeIgniter\CodeIgniter->handleRequest(null, Object(Config\Cache), false)
10 FCPATH\index.php(79): CodeIgniter\CodeIgniter->run()
11 SYSTEMPATH\Commands\Server\rewrite.php(47): require_once('C:\\laragon\\www\\bmsbackend\\public\\index.php')
CRITICAL - 2023-11-21 16:05:48 --> include(include/main-header.php): Failed to open stream: No such file or directory
in APPPATH\Views\dashboard\dashboard.php on line 72.
 1 APPPATH\Views\dashboard\dashboard.php(72): CodeIgniter\Debug\Exceptions->errorHandler(2, 'include(include/main-header.php): Failed to open stream: No such file or directory', 'C:\\laragon\\www\\bmsbackend\\app\\Views\\dashboard\\dashboard.php', 72)
 2 APPPATH\Views\dashboard\dashboard.php(72): include()
 3 SYSTEMPATH\View\View.php(226): include('C:\\laragon\\www\\bmsbackend\\app\\Views\\dashboard\\dashboard.php')
 4 SYSTEMPATH\View\View.php(229): CodeIgniter\View\View->CodeIgniter\View\{closure}()
 5 SYSTEMPATH\Common.php(1188): CodeIgniter\View\View->render('dashboard/dashboard', [], true)
 6 APPPATH\Controllers\RegisterController.php(11): view('dashboard/dashboard')
 7 SYSTEMPATH\CodeIgniter.php(919): App\Controllers\RegisterController->index()
 8 SYSTEMPATH\CodeIgniter.php(494): CodeIgniter\CodeIgniter->runController(Object(App\Controllers\RegisterController))
 9 SYSTEMPATH\CodeIgniter.php(353): CodeIgniter\CodeIgniter->handleRequest(null, Object(Config\Cache), false)
10 FCPATH\index.php(79): CodeIgniter\CodeIgniter->run()
11 SYSTEMPATH\Commands\Server\rewrite.php(47): require_once('C:\\laragon\\www\\bmsbackend\\public\\index.php')
